<?xml version="1.0" encoding="UTF-8"?>
<!-- Generated by org.testng.reporters.JUnitXMLReporter -->
<testsuite hostname="DESKTOP-TJK6KB0" ignored="0" name="Test" tests="3" failures="0" timestamp="09 Dec 2020 05:01:25 GMT" time="4.425" errors="0">
  <testcase name="test_login" time="2.394" classname="com.xp.test.http.ddt.HttpRequestDemo"/>
  <testcase name="test_method" time="0.002" classname="com.xp.test.http.ddt.HttpRequestDemo"/>
  <testcase name="test_postApi" time="2.0" classname="com.xp.test.http.restClient.PostApiTest"/>
</testsuite> <!-- Test -->
