<?xml version="1.0" encoding="UTF-8"?>
<testng-results skipped="0" failed="1" ignored="0" total="1" passed="0">
  <reporter-output>
  </reporter-output>
  <suite name="Default suite" duration-ms="2214" started-at="2020-11-19T10:00:09Z" finished-at="2020-11-19T10:00:11Z">
    <groups>
    </groups>
    <test name="Default test" duration-ms="2214" started-at="2020-11-19T10:00:09Z" finished-at="2020-11-19T10:00:11Z">
      <class name="com.xp.test.interfaceT.LoginControllerTest">
        <test-method status="PASS" signature="springTestContextBeforeTestClass()[pri:0, instance:com.xp.test.interfaceT.LoginControllerTest@68e965f5]" name="springTestContextBeforeTestClass" is-config="true" duration-ms="9" started-at="2020-11-19T18:00:09Z" finished-at="2020-11-19T18:00:09Z">
          <reporter-output>
          </reporter-output>
        </test-method> <!-- springTestContextBeforeTestClass -->
        <test-method status="PASS" signature="springTestContextPrepareTestInstance()[pri:0, instance:com.xp.test.interfaceT.LoginControllerTest@68e965f5]" name="springTestContextPrepareTestInstance" is-config="true" duration-ms="2132" started-at="2020-11-19T18:00:09Z" depends-on-methods="org.springframework.test.context.testng.AbstractTestNGSpringContextTests.springTestContextBeforeTestClass" finished-at="2020-11-19T18:00:11Z">
          <reporter-output>
          </reporter-output>
        </test-method> <!-- springTestContextPrepareTestInstance -->
        <test-method status="PASS" signature="springTestContextBeforeTestMethod(java.lang.reflect.Method)[pri:0, instance:com.xp.test.interfaceT.LoginControllerTest@68e965f5]" name="springTestContextBeforeTestMethod" is-config="true" duration-ms="2" started-at="2020-11-19T18:00:11Z" finished-at="2020-11-19T18:00:11Z">
          <params>
            <param index="0">
              <value>
                <![CDATA[public void com.xp.test.interfaceT.LoginControllerTest.shouldAnswerWithTrue()]]>
              </value>
            </param>
          </params>
          <reporter-output>
          </reporter-output>
        </test-method> <!-- springTestContextBeforeTestMethod -->
        <test-method status="FAIL" signature="shouldAnswerWithTrue()[pri:0, instance:com.xp.test.interfaceT.LoginControllerTest@68e965f5]" name="shouldAnswerWithTrue" duration-ms="56" started-at="2020-11-19T18:00:11Z" finished-at="2020-11-19T18:00:11Z">
          <exception class="com.xp.test.common.exception.ValidateException">
            <message>
              <![CDATA[区号不能为空]]>
            </message>
            <full-stacktrace>
              <![CDATA[com.xp.test.common.exception.ValidateException: 区号不能为空
	at com.xp.test.common.utils.ValidatorUtils.validateEntity(ValidatorUtils.java:48)
	at com.xp.test.controller.LoginController.Login(LoginController.java:53)
	at com.xp.test.interfaceT.LoginControllerTest.shouldAnswerWithTrue(LoginControllerTest.java:26)
	at sun.reflect.NativeMethodAccessorImpl.invoke0(Native Method)
	at sun.reflect.NativeMethodAccessorImpl.invoke(NativeMethodAccessorImpl.java:62)
	at sun.reflect.DelegatingMethodAccessorImpl.invoke(DelegatingMethodAccessorImpl.java:43)
	at java.lang.reflect.Method.invoke(Method.java:498)
	at org.testng.internal.MethodInvocationHelper.invokeMethod(MethodInvocationHelper.java:104)
	at org.testng.internal.MethodInvocationHelper$1.runTestMethod(MethodInvocationHelper.java:205)
	at org.springframework.test.context.testng.AbstractTestNGSpringContextTests.run(AbstractTestNGSpringContextTests.java:181)
	at org.testng.internal.MethodInvocationHelper.invokeHookable(MethodInvocationHelper.java:217)
	at org.testng.internal.Invoker.invokeMethod(Invoker.java:641)
	at org.testng.internal.Invoker.invokeTestMethod(Invoker.java:851)
	at org.testng.internal.Invoker.invokeTestMethods(Invoker.java:1177)
	at org.testng.internal.TestMethodWorker.invokeTestMethods(TestMethodWorker.java:129)
	at org.testng.internal.TestMethodWorker.run(TestMethodWorker.java:112)
	at org.testng.TestRunner.privateRun(TestRunner.java:756)
	at org.testng.TestRunner.run(TestRunner.java:610)
	at org.testng.SuiteRunner.runTest(SuiteRunner.java:387)
	at org.testng.SuiteRunner.runSequentially(SuiteRunner.java:382)
	at org.testng.SuiteRunner.privateRun(SuiteRunner.java:340)
	at org.testng.SuiteRunner.run(SuiteRunner.java:289)
	at org.testng.SuiteRunnerWorker.runSuite(SuiteRunnerWorker.java:52)
	at org.testng.SuiteRunnerWorker.run(SuiteRunnerWorker.java:86)
	at org.testng.TestNG.runSuitesSequentially(TestNG.java:1293)
	at org.testng.TestNG.runSuitesLocally(TestNG.java:1218)
	at org.testng.TestNG.runSuites(TestNG.java:1133)
	at org.testng.TestNG.run(TestNG.java:1104)
	at org.testng.remote.AbstractRemoteTestNG.run(AbstractRemoteTestNG.java:126)
	at org.testng.remote.RemoteTestNG.initAndRun(RemoteTestNG.java:137)
	at org.testng.remote.RemoteTestNG.main(RemoteTestNG.java:58)
]]>
            </full-stacktrace>
          </exception> <!-- com.xp.test.common.exception.ValidateException -->
          <reporter-output>
          </reporter-output>
        </test-method> <!-- shouldAnswerWithTrue -->
        <test-method status="PASS" signature="springTestContextAfterTestMethod(java.lang.reflect.Method)[pri:0, instance:com.xp.test.interfaceT.LoginControllerTest@68e965f5]" name="springTestContextAfterTestMethod" is-config="true" duration-ms="2" started-at="2020-11-19T18:00:11Z" finished-at="2020-11-19T18:00:11Z">
          <params>
            <param index="0">
              <value>
                <![CDATA[public void com.xp.test.interfaceT.LoginControllerTest.shouldAnswerWithTrue()]]>
              </value>
            </param>
          </params>
          <reporter-output>
          </reporter-output>
        </test-method> <!-- springTestContextAfterTestMethod -->
        <test-method status="PASS" signature="springTestContextAfterTestClass()[pri:0, instance:com.xp.test.interfaceT.LoginControllerTest@68e965f5]" name="springTestContextAfterTestClass" is-config="true" duration-ms="1" started-at="2020-11-19T18:00:11Z" finished-at="2020-11-19T18:00:11Z">
          <reporter-output>
          </reporter-output>
        </test-method> <!-- springTestContextAfterTestClass -->
      </class> <!-- com.xp.test.interfaceT.LoginControllerTest -->
    </test> <!-- Default test -->
  </suite> <!-- Default suite -->
</testng-results>
